<?xml version="1.0" encoding="UTF-8"?>
<!-- Generated by org.testng.reporters.JUnitReportReporter -->
<testsuite hostname="DESKTOP-QVRR5EA" failures="0" tests="1" name="com.iris_elearning_tests.HomePageTest" time="19.650" errors="0" timestamp="2022-08-25T21:33:20 IST" skipped="0">
  <testcase classname="com.iris_elearning_tests.HomePageTest" name="verifyexamlist" time="19.650"/>
  <system-out/>
</testsuite> <!-- com.iris_elearning_tests.HomePageTest -->
