<?xml version="1.0" encoding="UTF-8"?>
<!-- Generated by org.testng.reporters.JUnitReportReporter -->
<testsuite hostname="DESKTOP-QVRR5EA" failures="0" tests="1" name="com.iris_elearning_tests.HomePageTest" time="13.510" errors="0" timestamp="2022-08-25T12:50:54 IST" skipped="0">
  <testcase classname="com.iris_elearning_tests.HomePageTest" name="verifyallcoursedropdown" time="13.510"/>
  <system-out/>
</testsuite> <!-- com.iris_elearning_tests.HomePageTest -->
