<?xml version="1.0" encoding="UTF-8"?>
<!-- Generated by org.testng.reporters.JUnitReportReporter -->
<testsuite hostname="DESKTOP-F280F2S" failures="0" tests="1" name="com.iris_elearning_tests.LoginPageTests" time="18.114" errors="0" timestamp="2022-08-23T12:56:09 IST" skipped="0">
  <testcase classname="com.iris_elearning_tests.LoginPageTests" name="continueWithGoogle" time="18.114"/>
  <system-out/>
</testsuite> <!-- com.iris_elearning_tests.LoginPageTests -->
