<?xml version="1.0" encoding="UTF-8"?>
<!-- Generated by org.testng.reporters.JUnitReportReporter -->
<testsuite hostname="DESKTOP-QVRR5EA" failures="0" tests="1" name="com.iris_elearning_tests.LoginPageTests" time="55.413" errors="0" timestamp="2022-08-23T12:56:19 IST" skipped="0">
  <testcase classname="com.iris_elearning_tests.LoginPageTests" name="continueWithFacebook" time="55.413"/>
  <system-out/>
</testsuite> <!-- com.iris_elearning_tests.LoginPageTests -->
