<?xml version="1.0" encoding="UTF-8"?>
<!-- Generated by org.testng.reporters.JUnitReportReporter -->
<testsuite hostname="DESKTOP-F280F2S" failures="0" tests="1" name="com.iris_elearning_pages.Allcourses" time="10.494" errors="0" timestamp="2022-08-24T21:47:26 IST" skipped="0">
  <testcase classname="com.iris_elearning_pages.Allcourses" name="m1" time="10.494"/>
  <system-out/>
</testsuite> <!-- com.iris_elearning_pages.Allcourses -->
